{"level":"info","message":"Iniciando rastreamento de inteligência...","timestamp":"2026-01-01T05:39:04.934Z"}
{"level":"warn","message":"ALERTA: Possível brecha em Full Disclosure (Segurança): [KIS-2025-14] PKP-WAL <= 3.5.0-1 Login Cross-Site Request\tForgery Vulnerability - https://seclists.org/fulldisclosure/2025/Dec/36","timestamp":"2026-01-01T05:39:07.143Z"}
{"level":"warn","message":"ALERTA: Possível brecha em Full Disclosure (Segurança): [KIS-2025-13] PKP-WAL <= 3.5.0-3 (X-Forwarded-Host) LESS Code Injection Vulnerability - https://seclists.org/fulldisclosure/2025/Dec/35","timestamp":"2026-01-01T05:39:07.144Z"}
{"level":"warn","message":"ALERTA: Possível brecha em Full Disclosure (Segurança): [KIS-2025-12] PKP-WAL <= 3.5.0-1 (baseColour) LESS Code\tInjection Vulnerability - https://seclists.org/fulldisclosure/2025/Dec/34","timestamp":"2026-01-01T05:39:07.144Z"}
{"level":"warn","message":"ALERTA: Possível brecha em Full Disclosure (Segurança): [KIS-2025-11] Open Journal Systems <= 3.5.0-1 (NativeXmlIssueGalleyFilter.php) Path Traversal Vulnerability - https://seclists.org/fulldisclosure/2025/Dec/33","timestamp":"2026-01-01T05:39:07.145Z"}
{"level":"warn","message":"ALERTA: Possível brecha em Full Disclosure (Segurança): [KIS-2025-10] PKP-WAL <= 3.5.0-1 (Institution Collector) SQL Injection Vulnerability - https://seclists.org/fulldisclosure/2025/Dec/32","timestamp":"2026-01-01T05:39:07.146Z"}
{"level":"warn","message":"ALERTA: Possível brecha em Full Disclosure (Segurança): Backdoor.Win32.Poison.jh / Insecure Permissions - https://seclists.org/fulldisclosure/2025/Dec/31","timestamp":"2026-01-01T05:39:07.146Z"}
{"level":"warn","message":"ALERTA: Possível brecha em Full Disclosure (Segurança): Backdoor.Win32.Netbus.170 / Insecure Credential Storage /\tMVID-2025-0703 - https://seclists.org/fulldisclosure/2025/Dec/30","timestamp":"2026-01-01T05:39:07.147Z"}
{"level":"warn","message":"ALERTA: Possível brecha em Full Disclosure (Segurança): Backdoor.Win32.ControlTotal.t / Insecure Credential Storage /\tMVID-2025-0702 - https://seclists.org/fulldisclosure/2025/Dec/28","timestamp":"2026-01-01T05:39:07.147Z"}
{"level":"warn","message":"ALERTA: Possível brecha em Full Disclosure (Segurança): HEUR.Backdoor.Win32.Poison.gen / Arbitrary Code Execution /\tMVID-2025-0701 - https://seclists.org/fulldisclosure/2025/Dec/27","timestamp":"2026-01-01T05:39:07.148Z"}
{"level":"warn","message":"ALERTA: Possível brecha em Full Disclosure (Segurança): [KIS-2025-09] Control Web Panel <= 0.9.8.1208 (admin/index.php) OS Command Injection Vulnerability - https://seclists.org/fulldisclosure/2025/Dec/25","timestamp":"2026-01-01T05:39:07.148Z"}
{"level":"warn","message":"ALERTA: Possível brecha em Full Disclosure (Segurança): [KIS-2025-08] 1C-Bitrix <= 25.100.500 (Translate Module) Remote Code Execution Vulnerability - https://seclists.org/fulldisclosure/2025/Dec/22","timestamp":"2026-01-01T05:39:07.148Z"}
{"level":"info","message":"Iniciando rastreamento de inteligência...","timestamp":"2026-01-01T05:44:05.034Z"}
{"level":"warn","message":"ALERTA: Possível brecha em Full Disclosure (Segurança): [KIS-2025-14] PKP-WAL <= 3.5.0-1 Login Cross-Site Request\tForgery Vulnerability - https://seclists.org/fulldisclosure/2025/Dec/36","timestamp":"2026-01-01T05:44:05.994Z"}
{"level":"warn","message":"ALERTA: Possível brecha em Full Disclosure (Segurança): [KIS-2025-13] PKP-WAL <= 3.5.0-3 (X-Forwarded-Host) LESS Code Injection Vulnerability - https://seclists.org/fulldisclosure/2025/Dec/35","timestamp":"2026-01-01T05:44:05.995Z"}
{"level":"warn","message":"ALERTA: Possível brecha em Full Disclosure (Segurança): [KIS-2025-12] PKP-WAL <= 3.5.0-1 (baseColour) LESS Code\tInjection Vulnerability - https://seclists.org/fulldisclosure/2025/Dec/34","timestamp":"2026-01-01T05:44:05.995Z"}
{"level":"warn","message":"ALERTA: Possível brecha em Full Disclosure (Segurança): [KIS-2025-11] Open Journal Systems <= 3.5.0-1 (NativeXmlIssueGalleyFilter.php) Path Traversal Vulnerability - https://seclists.org/fulldisclosure/2025/Dec/33","timestamp":"2026-01-01T05:44:05.995Z"}
{"level":"warn","message":"ALERTA: Possível brecha em Full Disclosure (Segurança): [KIS-2025-10] PKP-WAL <= 3.5.0-1 (Institution Collector) SQL Injection Vulnerability - https://seclists.org/fulldisclosure/2025/Dec/32","timestamp":"2026-01-01T05:44:05.995Z"}
{"level":"warn","message":"ALERTA: Possível brecha em Full Disclosure (Segurança): Backdoor.Win32.Poison.jh / Insecure Permissions - https://seclists.org/fulldisclosure/2025/Dec/31","timestamp":"2026-01-01T05:44:05.995Z"}
{"level":"warn","message":"ALERTA: Possível brecha em Full Disclosure (Segurança): Backdoor.Win32.Netbus.170 / Insecure Credential Storage /\tMVID-2025-0703 - https://seclists.org/fulldisclosure/2025/Dec/30","timestamp":"2026-01-01T05:44:05.995Z"}
{"level":"warn","message":"ALERTA: Possível brecha em Full Disclosure (Segurança): Backdoor.Win32.ControlTotal.t / Insecure Credential Storage /\tMVID-2025-0702 - https://seclists.org/fulldisclosure/2025/Dec/28","timestamp":"2026-01-01T05:44:05.996Z"}
{"level":"warn","message":"ALERTA: Possível brecha em Full Disclosure (Segurança): HEUR.Backdoor.Win32.Poison.gen / Arbitrary Code Execution /\tMVID-2025-0701 - https://seclists.org/fulldisclosure/2025/Dec/27","timestamp":"2026-01-01T05:44:05.996Z"}
{"level":"warn","message":"ALERTA: Possível brecha em Full Disclosure (Segurança): [KIS-2025-09] Control Web Panel <= 0.9.8.1208 (admin/index.php) OS Command Injection Vulnerability - https://seclists.org/fulldisclosure/2025/Dec/25","timestamp":"2026-01-01T05:44:05.996Z"}
{"level":"warn","message":"ALERTA: Possível brecha em Full Disclosure (Segurança): [KIS-2025-08] 1C-Bitrix <= 25.100.500 (Translate Module) Remote Code Execution Vulnerability - https://seclists.org/fulldisclosure/2025/Dec/22","timestamp":"2026-01-01T05:44:05.996Z"}
