{"level":"info","message":"Rastreando 2 fontes na Camada 2...","timestamp":"2026-01-01T07:32:49.865Z"}
{"level":"warn","message":"ALERTA [FullDisclosure]: [KIS-2025-14] PKP-WAL <= 3.5.0-1 Login Cross-Site Request\tForgery Vulnerability - https://seclists.org/fulldisclosure/2025/Dec/36","timestamp":"2026-01-01T07:32:52.442Z"}
{"level":"warn","message":"ALERTA [FullDisclosure]: [KIS-2025-13] PKP-WAL <= 3.5.0-3 (X-Forwarded-Host) LESS Code Injection Vulnerability - https://seclists.org/fulldisclosure/2025/Dec/35","timestamp":"2026-01-01T07:32:52.443Z"}
{"level":"warn","message":"ALERTA [FullDisclosure]: [KIS-2025-12] PKP-WAL <= 3.5.0-1 (baseColour) LESS Code\tInjection Vulnerability - https://seclists.org/fulldisclosure/2025/Dec/34","timestamp":"2026-01-01T07:32:52.445Z"}
{"level":"warn","message":"ALERTA [FullDisclosure]: [KIS-2025-11] Open Journal Systems <= 3.5.0-1 (NativeXmlIssueGalleyFilter.php) Path Traversal Vulnerability - https://seclists.org/fulldisclosure/2025/Dec/33","timestamp":"2026-01-01T07:32:52.445Z"}
{"level":"warn","message":"ALERTA [FullDisclosure]: [KIS-2025-10] PKP-WAL <= 3.5.0-1 (Institution Collector) SQL Injection Vulnerability - https://seclists.org/fulldisclosure/2025/Dec/32","timestamp":"2026-01-01T07:32:52.446Z"}
{"level":"warn","message":"ALERTA [FullDisclosure]: Backdoor.Win32.Poison.jh / Insecure Permissions - https://seclists.org/fulldisclosure/2025/Dec/31","timestamp":"2026-01-01T07:32:52.447Z"}
{"level":"warn","message":"ALERTA [FullDisclosure]: Backdoor.Win32.Netbus.170 / Insecure Credential Storage /\tMVID-2025-0703 - https://seclists.org/fulldisclosure/2025/Dec/30","timestamp":"2026-01-01T07:32:52.447Z"}
{"level":"warn","message":"ALERTA [FullDisclosure]: Defense in depth -- the Microsoft way (part 94): SAFER (SRPv1\tand AppLocker alias SRPv2) bypass for dummies - https://seclists.org/fulldisclosure/2025/Dec/29","timestamp":"2026-01-01T07:32:52.447Z"}
{"level":"warn","message":"ALERTA [FullDisclosure]: Backdoor.Win32.ControlTotal.t / Insecure Credential Storage /\tMVID-2025-0702 - https://seclists.org/fulldisclosure/2025/Dec/28","timestamp":"2026-01-01T07:32:52.448Z"}
{"level":"warn","message":"ALERTA [FullDisclosure]: HEUR.Backdoor.Win32.Poison.gen / Arbitrary Code Execution /\tMVID-2025-0701 - https://seclists.org/fulldisclosure/2025/Dec/27","timestamp":"2026-01-01T07:32:52.449Z"}
{"level":"warn","message":"ALERTA [FullDisclosure]: [KIS-2025-09] Control Web Panel <= 0.9.8.1208 (admin/index.php) OS Command Injection Vulnerability - https://seclists.org/fulldisclosure/2025/Dec/25","timestamp":"2026-01-01T07:32:52.449Z"}
{"level":"warn","message":"ALERTA [FullDisclosure]: [KIS-2025-08] 1C-Bitrix <= 25.100.500 (Translate Module) Remote Code Execution Vulnerability - https://seclists.org/fulldisclosure/2025/Dec/22","timestamp":"2026-01-01T07:32:52.449Z"}
{"level":"info","message":"Rastreando 2 fontes na Camada 2...","timestamp":"2026-01-01T07:37:49.936Z"}
{"level":"warn","message":"ALERTA [FullDisclosure]: [KIS-2025-14] PKP-WAL <= 3.5.0-1 Login Cross-Site Request\tForgery Vulnerability - https://seclists.org/fulldisclosure/2025/Dec/36","timestamp":"2026-01-01T07:37:51.864Z"}
{"level":"warn","message":"ALERTA [FullDisclosure]: [KIS-2025-13] PKP-WAL <= 3.5.0-3 (X-Forwarded-Host) LESS Code Injection Vulnerability - https://seclists.org/fulldisclosure/2025/Dec/35","timestamp":"2026-01-01T07:37:51.865Z"}
{"level":"warn","message":"ALERTA [FullDisclosure]: [KIS-2025-12] PKP-WAL <= 3.5.0-1 (baseColour) LESS Code\tInjection Vulnerability - https://seclists.org/fulldisclosure/2025/Dec/34","timestamp":"2026-01-01T07:37:51.866Z"}
{"level":"warn","message":"ALERTA [FullDisclosure]: [KIS-2025-11] Open Journal Systems <= 3.5.0-1 (NativeXmlIssueGalleyFilter.php) Path Traversal Vulnerability - https://seclists.org/fulldisclosure/2025/Dec/33","timestamp":"2026-01-01T07:37:51.867Z"}
{"level":"warn","message":"ALERTA [FullDisclosure]: [KIS-2025-10] PKP-WAL <= 3.5.0-1 (Institution Collector) SQL Injection Vulnerability - https://seclists.org/fulldisclosure/2025/Dec/32","timestamp":"2026-01-01T07:37:51.867Z"}
{"level":"warn","message":"ALERTA [FullDisclosure]: Backdoor.Win32.Poison.jh / Insecure Permissions - https://seclists.org/fulldisclosure/2025/Dec/31","timestamp":"2026-01-01T07:37:51.868Z"}
{"level":"warn","message":"ALERTA [FullDisclosure]: Backdoor.Win32.Netbus.170 / Insecure Credential Storage /\tMVID-2025-0703 - https://seclists.org/fulldisclosure/2025/Dec/30","timestamp":"2026-01-01T07:37:51.869Z"}
{"level":"warn","message":"ALERTA [FullDisclosure]: Defense in depth -- the Microsoft way (part 94): SAFER (SRPv1\tand AppLocker alias SRPv2) bypass for dummies - https://seclists.org/fulldisclosure/2025/Dec/29","timestamp":"2026-01-01T07:37:51.870Z"}
{"level":"warn","message":"ALERTA [FullDisclosure]: Backdoor.Win32.ControlTotal.t / Insecure Credential Storage /\tMVID-2025-0702 - https://seclists.org/fulldisclosure/2025/Dec/28","timestamp":"2026-01-01T07:37:51.870Z"}
{"level":"warn","message":"ALERTA [FullDisclosure]: HEUR.Backdoor.Win32.Poison.gen / Arbitrary Code Execution /\tMVID-2025-0701 - https://seclists.org/fulldisclosure/2025/Dec/27","timestamp":"2026-01-01T07:37:51.871Z"}
{"level":"warn","message":"ALERTA [FullDisclosure]: [KIS-2025-09] Control Web Panel <= 0.9.8.1208 (admin/index.php) OS Command Injection Vulnerability - https://seclists.org/fulldisclosure/2025/Dec/25","timestamp":"2026-01-01T07:37:51.872Z"}
{"level":"warn","message":"ALERTA [FullDisclosure]: [KIS-2025-08] 1C-Bitrix <= 25.100.500 (Translate Module) Remote Code Execution Vulnerability - https://seclists.org/fulldisclosure/2025/Dec/22","timestamp":"2026-01-01T07:37:51.873Z"}
{"level":"info","message":"Rastreando 2 fontes na Camada 2...","timestamp":"2026-01-01T07:42:50.023Z"}
{"level":"error","message":"Erro em FullDisclosure: ","timestamp":"2026-01-01T07:42:51.456Z"}
{"level":"info","message":"Rastreando 2 fontes na Camada 2...","timestamp":"2026-01-01T07:47:50.050Z"}
{"level":"warn","message":"ALERTA [FullDisclosure]: [KIS-2025-14] PKP-WAL <= 3.5.0-1 Login Cross-Site Request\tForgery Vulnerability - https://seclists.org/fulldisclosure/2025/Dec/36","timestamp":"2026-01-01T07:47:52.836Z"}
{"level":"warn","message":"ALERTA [FullDisclosure]: [KIS-2025-13] PKP-WAL <= 3.5.0-3 (X-Forwarded-Host) LESS Code Injection Vulnerability - https://seclists.org/fulldisclosure/2025/Dec/35","timestamp":"2026-01-01T07:47:52.838Z"}
{"level":"warn","message":"ALERTA [FullDisclosure]: [KIS-2025-12] PKP-WAL <= 3.5.0-1 (baseColour) LESS Code\tInjection Vulnerability - https://seclists.org/fulldisclosure/2025/Dec/34","timestamp":"2026-01-01T07:47:52.839Z"}
{"level":"warn","message":"ALERTA [FullDisclosure]: [KIS-2025-11] Open Journal Systems <= 3.5.0-1 (NativeXmlIssueGalleyFilter.php) Path Traversal Vulnerability - https://seclists.org/fulldisclosure/2025/Dec/33","timestamp":"2026-01-01T07:47:52.840Z"}
{"level":"warn","message":"ALERTA [FullDisclosure]: [KIS-2025-10] PKP-WAL <= 3.5.0-1 (Institution Collector) SQL Injection Vulnerability - https://seclists.org/fulldisclosure/2025/Dec/32","timestamp":"2026-01-01T07:47:52.841Z"}
{"level":"warn","message":"ALERTA [FullDisclosure]: Backdoor.Win32.Poison.jh / Insecure Permissions - https://seclists.org/fulldisclosure/2025/Dec/31","timestamp":"2026-01-01T07:47:52.842Z"}
{"level":"warn","message":"ALERTA [FullDisclosure]: Backdoor.Win32.Netbus.170 / Insecure Credential Storage /\tMVID-2025-0703 - https://seclists.org/fulldisclosure/2025/Dec/30","timestamp":"2026-01-01T07:47:52.843Z"}
{"level":"warn","message":"ALERTA [FullDisclosure]: Defense in depth -- the Microsoft way (part 94): SAFER (SRPv1\tand AppLocker alias SRPv2) bypass for dummies - https://seclists.org/fulldisclosure/2025/Dec/29","timestamp":"2026-01-01T07:47:52.844Z"}
{"level":"warn","message":"ALERTA [FullDisclosure]: Backdoor.Win32.ControlTotal.t / Insecure Credential Storage /\tMVID-2025-0702 - https://seclists.org/fulldisclosure/2025/Dec/28","timestamp":"2026-01-01T07:47:52.845Z"}
{"level":"warn","message":"ALERTA [FullDisclosure]: HEUR.Backdoor.Win32.Poison.gen / Arbitrary Code Execution /\tMVID-2025-0701 - https://seclists.org/fulldisclosure/2025/Dec/27","timestamp":"2026-01-01T07:47:52.846Z"}
{"level":"warn","message":"ALERTA [FullDisclosure]: [KIS-2025-09] Control Web Panel <= 0.9.8.1208 (admin/index.php) OS Command Injection Vulnerability - https://seclists.org/fulldisclosure/2025/Dec/25","timestamp":"2026-01-01T07:47:52.847Z"}
{"level":"warn","message":"ALERTA [FullDisclosure]: [KIS-2025-08] 1C-Bitrix <= 25.100.500 (Translate Module) Remote Code Execution Vulnerability - https://seclists.org/fulldisclosure/2025/Dec/22","timestamp":"2026-01-01T07:47:52.847Z"}
{"level":"info","message":"Rastreando 2 fontes na Camada 2...","timestamp":"2026-01-01T07:52:50.065Z"}
{"level":"error","message":"Erro em FullDisclosure: ","timestamp":"2026-01-01T07:52:50.829Z"}
{"level":"info","message":"Rastreando 2 fontes na Camada 2...","timestamp":"2026-01-01T07:57:50.134Z"}
{"level":"error","message":"Erro em FullDisclosure: ","timestamp":"2026-01-01T07:57:50.949Z"}
{"level":"info","message":"Rastreando 2 fontes na Camada 2...","timestamp":"2026-01-01T08:02:50.173Z"}
{"level":"warn","message":"ALERTA [FullDisclosure]: [KIS-2025-14] PKP-WAL <= 3.5.0-1 Login Cross-Site Request\tForgery Vulnerability - https://seclists.org/fulldisclosure/2025/Dec/36","timestamp":"2026-01-01T08:02:52.360Z"}
{"level":"warn","message":"ALERTA [FullDisclosure]: [KIS-2025-13] PKP-WAL <= 3.5.0-3 (X-Forwarded-Host) LESS Code Injection Vulnerability - https://seclists.org/fulldisclosure/2025/Dec/35","timestamp":"2026-01-01T08:02:52.361Z"}
{"level":"warn","message":"ALERTA [FullDisclosure]: [KIS-2025-12] PKP-WAL <= 3.5.0-1 (baseColour) LESS Code\tInjection Vulnerability - https://seclists.org/fulldisclosure/2025/Dec/34","timestamp":"2026-01-01T08:02:52.362Z"}
{"level":"warn","message":"ALERTA [FullDisclosure]: [KIS-2025-11] Open Journal Systems <= 3.5.0-1 (NativeXmlIssueGalleyFilter.php) Path Traversal Vulnerability - https://seclists.org/fulldisclosure/2025/Dec/33","timestamp":"2026-01-01T08:02:52.363Z"}
{"level":"warn","message":"ALERTA [FullDisclosure]: [KIS-2025-10] PKP-WAL <= 3.5.0-1 (Institution Collector) SQL Injection Vulnerability - https://seclists.org/fulldisclosure/2025/Dec/32","timestamp":"2026-01-01T08:02:52.364Z"}
{"level":"warn","message":"ALERTA [FullDisclosure]: Backdoor.Win32.Poison.jh / Insecure Permissions - https://seclists.org/fulldisclosure/2025/Dec/31","timestamp":"2026-01-01T08:02:52.365Z"}
{"level":"warn","message":"ALERTA [FullDisclosure]: Backdoor.Win32.Netbus.170 / Insecure Credential Storage /\tMVID-2025-0703 - https://seclists.org/fulldisclosure/2025/Dec/30","timestamp":"2026-01-01T08:02:52.366Z"}
{"level":"warn","message":"ALERTA [FullDisclosure]: Defense in depth -- the Microsoft way (part 94): SAFER (SRPv1\tand AppLocker alias SRPv2) bypass for dummies - https://seclists.org/fulldisclosure/2025/Dec/29","timestamp":"2026-01-01T08:02:52.367Z"}
{"level":"warn","message":"ALERTA [FullDisclosure]: Backdoor.Win32.ControlTotal.t / Insecure Credential Storage /\tMVID-2025-0702 - https://seclists.org/fulldisclosure/2025/Dec/28","timestamp":"2026-01-01T08:02:52.367Z"}
{"level":"warn","message":"ALERTA [FullDisclosure]: HEUR.Backdoor.Win32.Poison.gen / Arbitrary Code Execution /\tMVID-2025-0701 - https://seclists.org/fulldisclosure/2025/Dec/27","timestamp":"2026-01-01T08:02:52.368Z"}
{"level":"warn","message":"ALERTA [FullDisclosure]: [KIS-2025-09] Control Web Panel <= 0.9.8.1208 (admin/index.php) OS Command Injection Vulnerability - https://seclists.org/fulldisclosure/2025/Dec/25","timestamp":"2026-01-01T08:02:52.369Z"}
{"level":"warn","message":"ALERTA [FullDisclosure]: [KIS-2025-08] 1C-Bitrix <= 25.100.500 (Translate Module) Remote Code Execution Vulnerability - https://seclists.org/fulldisclosure/2025/Dec/22","timestamp":"2026-01-01T08:02:52.370Z"}
{"level":"info","message":"Rastreando 2 fontes na Camada 2...","timestamp":"2026-01-01T08:07:50.183Z"}
{"level":"error","message":"Erro em FullDisclosure: ","timestamp":"2026-01-01T08:07:51.120Z"}
{"level":"info","message":"Rastreando 2 fontes na Camada 2...","timestamp":"2026-01-01T08:12:50.218Z"}
{"level":"warn","message":"ALERTA [FullDisclosure]: [KIS-2025-14] PKP-WAL <= 3.5.0-1 Login Cross-Site Request\tForgery Vulnerability - https://seclists.org/fulldisclosure/2025/Dec/36","timestamp":"2026-01-01T08:12:52.277Z"}
{"level":"warn","message":"ALERTA [FullDisclosure]: [KIS-2025-13] PKP-WAL <= 3.5.0-3 (X-Forwarded-Host) LESS Code Injection Vulnerability - https://seclists.org/fulldisclosure/2025/Dec/35","timestamp":"2026-01-01T08:12:52.280Z"}
{"level":"warn","message":"ALERTA [FullDisclosure]: [KIS-2025-12] PKP-WAL <= 3.5.0-1 (baseColour) LESS Code\tInjection Vulnerability - https://seclists.org/fulldisclosure/2025/Dec/34","timestamp":"2026-01-01T08:12:52.284Z"}
{"level":"warn","message":"ALERTA [FullDisclosure]: [KIS-2025-11] Open Journal Systems <= 3.5.0-1 (NativeXmlIssueGalleyFilter.php) Path Traversal Vulnerability - https://seclists.org/fulldisclosure/2025/Dec/33","timestamp":"2026-01-01T08:12:52.284Z"}
{"level":"warn","message":"ALERTA [FullDisclosure]: [KIS-2025-10] PKP-WAL <= 3.5.0-1 (Institution Collector) SQL Injection Vulnerability - https://seclists.org/fulldisclosure/2025/Dec/32","timestamp":"2026-01-01T08:12:52.285Z"}
{"level":"warn","message":"ALERTA [FullDisclosure]: Backdoor.Win32.Poison.jh / Insecure Permissions - https://seclists.org/fulldisclosure/2025/Dec/31","timestamp":"2026-01-01T08:12:52.288Z"}
{"level":"warn","message":"ALERTA [FullDisclosure]: Backdoor.Win32.Netbus.170 / Insecure Credential Storage /\tMVID-2025-0703 - https://seclists.org/fulldisclosure/2025/Dec/30","timestamp":"2026-01-01T08:12:52.288Z"}
{"level":"warn","message":"ALERTA [FullDisclosure]: Defense in depth -- the Microsoft way (part 94): SAFER (SRPv1\tand AppLocker alias SRPv2) bypass for dummies - https://seclists.org/fulldisclosure/2025/Dec/29","timestamp":"2026-01-01T08:12:52.288Z"}
{"level":"warn","message":"ALERTA [FullDisclosure]: Backdoor.Win32.ControlTotal.t / Insecure Credential Storage /\tMVID-2025-0702 - https://seclists.org/fulldisclosure/2025/Dec/28","timestamp":"2026-01-01T08:12:52.288Z"}
{"level":"warn","message":"ALERTA [FullDisclosure]: HEUR.Backdoor.Win32.Poison.gen / Arbitrary Code Execution /\tMVID-2025-0701 - https://seclists.org/fulldisclosure/2025/Dec/27","timestamp":"2026-01-01T08:12:52.289Z"}
{"level":"warn","message":"ALERTA [FullDisclosure]: [KIS-2025-09] Control Web Panel <= 0.9.8.1208 (admin/index.php) OS Command Injection Vulnerability - https://seclists.org/fulldisclosure/2025/Dec/25","timestamp":"2026-01-01T08:12:52.289Z"}
{"level":"warn","message":"ALERTA [FullDisclosure]: [KIS-2025-08] 1C-Bitrix <= 25.100.500 (Translate Module) Remote Code Execution Vulnerability - https://seclists.org/fulldisclosure/2025/Dec/22","timestamp":"2026-01-01T08:12:52.289Z"}
{"level":"info","message":"Rastreando 2 fontes na Camada 2...","timestamp":"2026-01-01T08:17:50.250Z"}
{"level":"warn","message":"ALERTA [FullDisclosure]: [KIS-2025-14] PKP-WAL <= 3.5.0-1 Login Cross-Site Request\tForgery Vulnerability - https://seclists.org/fulldisclosure/2025/Dec/36","timestamp":"2026-01-01T08:17:52.540Z"}
{"level":"warn","message":"ALERTA [FullDisclosure]: [KIS-2025-13] PKP-WAL <= 3.5.0-3 (X-Forwarded-Host) LESS Code Injection Vulnerability - https://seclists.org/fulldisclosure/2025/Dec/35","timestamp":"2026-01-01T08:17:52.540Z"}
{"level":"warn","message":"ALERTA [FullDisclosure]: [KIS-2025-12] PKP-WAL <= 3.5.0-1 (baseColour) LESS Code\tInjection Vulnerability - https://seclists.org/fulldisclosure/2025/Dec/34","timestamp":"2026-01-01T08:17:52.541Z"}
{"level":"warn","message":"ALERTA [FullDisclosure]: [KIS-2025-11] Open Journal Systems <= 3.5.0-1 (NativeXmlIssueGalleyFilter.php) Path Traversal Vulnerability - https://seclists.org/fulldisclosure/2025/Dec/33","timestamp":"2026-01-01T08:17:52.541Z"}
{"level":"warn","message":"ALERTA [FullDisclosure]: [KIS-2025-10] PKP-WAL <= 3.5.0-1 (Institution Collector) SQL Injection Vulnerability - https://seclists.org/fulldisclosure/2025/Dec/32","timestamp":"2026-01-01T08:17:52.541Z"}
{"level":"warn","message":"ALERTA [FullDisclosure]: Backdoor.Win32.Poison.jh / Insecure Permissions - https://seclists.org/fulldisclosure/2025/Dec/31","timestamp":"2026-01-01T08:17:52.541Z"}
{"level":"warn","message":"ALERTA [FullDisclosure]: Backdoor.Win32.Netbus.170 / Insecure Credential Storage /\tMVID-2025-0703 - https://seclists.org/fulldisclosure/2025/Dec/30","timestamp":"2026-01-01T08:17:52.541Z"}
{"level":"warn","message":"ALERTA [FullDisclosure]: Defense in depth -- the Microsoft way (part 94): SAFER (SRPv1\tand AppLocker alias SRPv2) bypass for dummies - https://seclists.org/fulldisclosure/2025/Dec/29","timestamp":"2026-01-01T08:17:52.541Z"}
{"level":"warn","message":"ALERTA [FullDisclosure]: Backdoor.Win32.ControlTotal.t / Insecure Credential Storage /\tMVID-2025-0702 - https://seclists.org/fulldisclosure/2025/Dec/28","timestamp":"2026-01-01T08:17:52.541Z"}
{"level":"warn","message":"ALERTA [FullDisclosure]: HEUR.Backdoor.Win32.Poison.gen / Arbitrary Code Execution /\tMVID-2025-0701 - https://seclists.org/fulldisclosure/2025/Dec/27","timestamp":"2026-01-01T08:17:52.542Z"}
{"level":"warn","message":"ALERTA [FullDisclosure]: [KIS-2025-09] Control Web Panel <= 0.9.8.1208 (admin/index.php) OS Command Injection Vulnerability - https://seclists.org/fulldisclosure/2025/Dec/25","timestamp":"2026-01-01T08:17:52.542Z"}
{"level":"warn","message":"ALERTA [FullDisclosure]: [KIS-2025-08] 1C-Bitrix <= 25.100.500 (Translate Module) Remote Code Execution Vulnerability - https://seclists.org/fulldisclosure/2025/Dec/22","timestamp":"2026-01-01T08:17:52.542Z"}
{"level":"info","message":"Rastreando 2 fontes na Camada 2...","timestamp":"2026-01-01T08:22:50.271Z"}
{"level":"error","message":"Erro em FullDisclosure: ","timestamp":"2026-01-01T08:22:51.618Z"}
{"level":"info","message":"Rastreando 2 fontes na Camada 2...","timestamp":"2026-01-01T08:27:50.291Z"}
{"level":"warn","message":"ALERTA [FullDisclosure]: [KIS-2025-14] PKP-WAL <= 3.5.0-1 Login Cross-Site Request\tForgery Vulnerability - https://seclists.org/fulldisclosure/2025/Dec/36","timestamp":"2026-01-01T08:27:52.409Z"}
{"level":"warn","message":"ALERTA [FullDisclosure]: [KIS-2025-13] PKP-WAL <= 3.5.0-3 (X-Forwarded-Host) LESS Code Injection Vulnerability - https://seclists.org/fulldisclosure/2025/Dec/35","timestamp":"2026-01-01T08:27:52.410Z"}
{"level":"warn","message":"ALERTA [FullDisclosure]: [KIS-2025-12] PKP-WAL <= 3.5.0-1 (baseColour) LESS Code\tInjection Vulnerability - https://seclists.org/fulldisclosure/2025/Dec/34","timestamp":"2026-01-01T08:27:52.411Z"}
{"level":"warn","message":"ALERTA [FullDisclosure]: [KIS-2025-11] Open Journal Systems <= 3.5.0-1 (NativeXmlIssueGalleyFilter.php) Path Traversal Vulnerability - https://seclists.org/fulldisclosure/2025/Dec/33","timestamp":"2026-01-01T08:27:52.411Z"}
{"level":"warn","message":"ALERTA [FullDisclosure]: [KIS-2025-10] PKP-WAL <= 3.5.0-1 (Institution Collector) SQL Injection Vulnerability - https://seclists.org/fulldisclosure/2025/Dec/32","timestamp":"2026-01-01T08:27:52.412Z"}
{"level":"warn","message":"ALERTA [FullDisclosure]: Backdoor.Win32.Poison.jh / Insecure Permissions - https://seclists.org/fulldisclosure/2025/Dec/31","timestamp":"2026-01-01T08:27:52.412Z"}
{"level":"warn","message":"ALERTA [FullDisclosure]: Backdoor.Win32.Netbus.170 / Insecure Credential Storage /\tMVID-2025-0703 - https://seclists.org/fulldisclosure/2025/Dec/30","timestamp":"2026-01-01T08:27:52.413Z"}
{"level":"warn","message":"ALERTA [FullDisclosure]: Defense in depth -- the Microsoft way (part 94): SAFER (SRPv1\tand AppLocker alias SRPv2) bypass for dummies - https://seclists.org/fulldisclosure/2025/Dec/29","timestamp":"2026-01-01T08:27:52.414Z"}
{"level":"warn","message":"ALERTA [FullDisclosure]: Backdoor.Win32.ControlTotal.t / Insecure Credential Storage /\tMVID-2025-0702 - https://seclists.org/fulldisclosure/2025/Dec/28","timestamp":"2026-01-01T08:27:52.414Z"}
{"level":"warn","message":"ALERTA [FullDisclosure]: HEUR.Backdoor.Win32.Poison.gen / Arbitrary Code Execution /\tMVID-2025-0701 - https://seclists.org/fulldisclosure/2025/Dec/27","timestamp":"2026-01-01T08:27:52.415Z"}
{"level":"warn","message":"ALERTA [FullDisclosure]: [KIS-2025-09] Control Web Panel <= 0.9.8.1208 (admin/index.php) OS Command Injection Vulnerability - https://seclists.org/fulldisclosure/2025/Dec/25","timestamp":"2026-01-01T08:27:52.415Z"}
{"level":"warn","message":"ALERTA [FullDisclosure]: [KIS-2025-08] 1C-Bitrix <= 25.100.500 (Translate Module) Remote Code Execution Vulnerability - https://seclists.org/fulldisclosure/2025/Dec/22","timestamp":"2026-01-01T08:27:52.416Z"}
{"level":"info","message":"Rastreando 2 fontes na Camada 2...","timestamp":"2026-01-01T08:32:50.311Z"}
{"level":"warn","message":"ALERTA [FullDisclosure]: [KIS-2025-14] PKP-WAL <= 3.5.0-1 Login Cross-Site Request\tForgery Vulnerability - https://seclists.org/fulldisclosure/2025/Dec/36","timestamp":"2026-01-01T08:32:52.330Z"}
{"level":"warn","message":"ALERTA [FullDisclosure]: [KIS-2025-13] PKP-WAL <= 3.5.0-3 (X-Forwarded-Host) LESS Code Injection Vulnerability - https://seclists.org/fulldisclosure/2025/Dec/35","timestamp":"2026-01-01T08:32:52.333Z"}
{"level":"warn","message":"ALERTA [FullDisclosure]: [KIS-2025-12] PKP-WAL <= 3.5.0-1 (baseColour) LESS Code\tInjection Vulnerability - https://seclists.org/fulldisclosure/2025/Dec/34","timestamp":"2026-01-01T08:32:52.335Z"}
{"level":"warn","message":"ALERTA [FullDisclosure]: [KIS-2025-11] Open Journal Systems <= 3.5.0-1 (NativeXmlIssueGalleyFilter.php) Path Traversal Vulnerability - https://seclists.org/fulldisclosure/2025/Dec/33","timestamp":"2026-01-01T08:32:52.336Z"}
{"level":"warn","message":"ALERTA [FullDisclosure]: [KIS-2025-10] PKP-WAL <= 3.5.0-1 (Institution Collector) SQL Injection Vulnerability - https://seclists.org/fulldisclosure/2025/Dec/32","timestamp":"2026-01-01T08:32:52.338Z"}
{"level":"warn","message":"ALERTA [FullDisclosure]: Backdoor.Win32.Poison.jh / Insecure Permissions - https://seclists.org/fulldisclosure/2025/Dec/31","timestamp":"2026-01-01T08:32:52.339Z"}
{"level":"warn","message":"ALERTA [FullDisclosure]: Backdoor.Win32.Netbus.170 / Insecure Credential Storage /\tMVID-2025-0703 - https://seclists.org/fulldisclosure/2025/Dec/30","timestamp":"2026-01-01T08:32:52.340Z"}
{"level":"warn","message":"ALERTA [FullDisclosure]: Defense in depth -- the Microsoft way (part 94): SAFER (SRPv1\tand AppLocker alias SRPv2) bypass for dummies - https://seclists.org/fulldisclosure/2025/Dec/29","timestamp":"2026-01-01T08:32:52.341Z"}
{"level":"warn","message":"ALERTA [FullDisclosure]: Backdoor.Win32.ControlTotal.t / Insecure Credential Storage /\tMVID-2025-0702 - https://seclists.org/fulldisclosure/2025/Dec/28","timestamp":"2026-01-01T08:32:52.342Z"}
{"level":"warn","message":"ALERTA [FullDisclosure]: HEUR.Backdoor.Win32.Poison.gen / Arbitrary Code Execution /\tMVID-2025-0701 - https://seclists.org/fulldisclosure/2025/Dec/27","timestamp":"2026-01-01T08:32:52.342Z"}
{"level":"warn","message":"ALERTA [FullDisclosure]: [KIS-2025-09] Control Web Panel <= 0.9.8.1208 (admin/index.php) OS Command Injection Vulnerability - https://seclists.org/fulldisclosure/2025/Dec/25","timestamp":"2026-01-01T08:32:52.343Z"}
{"level":"warn","message":"ALERTA [FullDisclosure]: [KIS-2025-08] 1C-Bitrix <= 25.100.500 (Translate Module) Remote Code Execution Vulnerability - https://seclists.org/fulldisclosure/2025/Dec/22","timestamp":"2026-01-01T08:32:52.344Z"}
{"level":"info","message":"Rastreando 2 fontes na Camada 2...","timestamp":"2026-01-01T08:37:50.328Z"}
{"level":"error","message":"Erro em FullDisclosure: ","timestamp":"2026-01-01T08:37:51.612Z"}
{"level":"info","message":"Rastreando 2 fontes na Camada 2...","timestamp":"2026-01-01T08:42:50.337Z"}
{"level":"error","message":"Erro em FullDisclosure: ","timestamp":"2026-01-01T08:42:51.666Z"}
{"level":"info","message":"Rastreando 2 fontes na Camada 2...","timestamp":"2026-01-01T08:47:50.346Z"}
{"level":"error","message":"Erro em FullDisclosure: ","timestamp":"2026-01-01T08:47:51.586Z"}
{"level":"info","message":"Rastreando 2 fontes na Camada 2...","timestamp":"2026-01-01T08:52:50.350Z"}
{"level":"error","message":"Erro em FullDisclosure: ","timestamp":"2026-01-01T08:52:51.345Z"}
{"level":"info","message":"Rastreando 2 fontes na Camada 2...","timestamp":"2026-01-01T08:57:50.390Z"}
{"level":"error","message":"Erro em FullDisclosure: ","timestamp":"2026-01-01T08:57:51.542Z"}
{"level":"info","message":"Rastreando 2 fontes na Camada 2...","timestamp":"2026-01-01T09:02:50.419Z"}
{"level":"warn","message":"ALERTA [FullDisclosure]: [KIS-2025-14] PKP-WAL <= 3.5.0-1 Login Cross-Site Request\tForgery Vulnerability - https://seclists.org/fulldisclosure/2025/Dec/36","timestamp":"2026-01-01T09:02:52.649Z"}
{"level":"warn","message":"ALERTA [FullDisclosure]: [KIS-2025-13] PKP-WAL <= 3.5.0-3 (X-Forwarded-Host) LESS Code Injection Vulnerability - https://seclists.org/fulldisclosure/2025/Dec/35","timestamp":"2026-01-01T09:02:52.650Z"}
{"level":"warn","message":"ALERTA [FullDisclosure]: [KIS-2025-12] PKP-WAL <= 3.5.0-1 (baseColour) LESS Code\tInjection Vulnerability - https://seclists.org/fulldisclosure/2025/Dec/34","timestamp":"2026-01-01T09:02:52.651Z"}
{"level":"warn","message":"ALERTA [FullDisclosure]: [KIS-2025-11] Open Journal Systems <= 3.5.0-1 (NativeXmlIssueGalleyFilter.php) Path Traversal Vulnerability - https://seclists.org/fulldisclosure/2025/Dec/33","timestamp":"2026-01-01T09:02:52.654Z"}
{"level":"warn","message":"ALERTA [FullDisclosure]: [KIS-2025-10] PKP-WAL <= 3.5.0-1 (Institution Collector) SQL Injection Vulnerability - https://seclists.org/fulldisclosure/2025/Dec/32","timestamp":"2026-01-01T09:02:52.656Z"}
{"level":"warn","message":"ALERTA [FullDisclosure]: Backdoor.Win32.Poison.jh / Insecure Permissions - https://seclists.org/fulldisclosure/2025/Dec/31","timestamp":"2026-01-01T09:02:52.656Z"}
{"level":"warn","message":"ALERTA [FullDisclosure]: Backdoor.Win32.Netbus.170 / Insecure Credential Storage /\tMVID-2025-0703 - https://seclists.org/fulldisclosure/2025/Dec/30","timestamp":"2026-01-01T09:02:52.657Z"}
{"level":"warn","message":"ALERTA [FullDisclosure]: Defense in depth -- the Microsoft way (part 94): SAFER (SRPv1\tand AppLocker alias SRPv2) bypass for dummies - https://seclists.org/fulldisclosure/2025/Dec/29","timestamp":"2026-01-01T09:02:52.658Z"}
{"level":"warn","message":"ALERTA [FullDisclosure]: Backdoor.Win32.ControlTotal.t / Insecure Credential Storage /\tMVID-2025-0702 - https://seclists.org/fulldisclosure/2025/Dec/28","timestamp":"2026-01-01T09:02:52.659Z"}
{"level":"warn","message":"ALERTA [FullDisclosure]: HEUR.Backdoor.Win32.Poison.gen / Arbitrary Code Execution /\tMVID-2025-0701 - https://seclists.org/fulldisclosure/2025/Dec/27","timestamp":"2026-01-01T09:02:52.660Z"}
{"level":"warn","message":"ALERTA [FullDisclosure]: [KIS-2025-09] Control Web Panel <= 0.9.8.1208 (admin/index.php) OS Command Injection Vulnerability - https://seclists.org/fulldisclosure/2025/Dec/25","timestamp":"2026-01-01T09:02:52.665Z"}
{"level":"warn","message":"ALERTA [FullDisclosure]: [KIS-2025-08] 1C-Bitrix <= 25.100.500 (Translate Module) Remote Code Execution Vulnerability - https://seclists.org/fulldisclosure/2025/Dec/22","timestamp":"2026-01-01T09:02:52.666Z"}
{"level":"info","message":"Rastreando 2 fontes na Camada 2...","timestamp":"2026-01-01T09:07:50.440Z"}
{"level":"error","message":"Erro em FullDisclosure: ","timestamp":"2026-01-01T09:07:51.146Z"}
{"level":"info","message":"Rastreando 2 fontes na Camada 2...","timestamp":"2026-01-01T09:12:50.468Z"}
{"level":"error","message":"Erro em FullDisclosure: ","timestamp":"2026-01-01T09:12:51.553Z"}
{"level":"info","message":"Rastreando 2 fontes na Camada 2...","timestamp":"2026-01-01T09:17:50.490Z"}
{"level":"warn","message":"ALERTA [FullDisclosure]: [KIS-2025-14] PKP-WAL <= 3.5.0-1 Login Cross-Site Request\tForgery Vulnerability - https://seclists.org/fulldisclosure/2025/Dec/36","timestamp":"2026-01-01T09:17:53.173Z"}
{"level":"warn","message":"ALERTA [FullDisclosure]: [KIS-2025-13] PKP-WAL <= 3.5.0-3 (X-Forwarded-Host) LESS Code Injection Vulnerability - https://seclists.org/fulldisclosure/2025/Dec/35","timestamp":"2026-01-01T09:17:53.173Z"}
{"level":"warn","message":"ALERTA [FullDisclosure]: [KIS-2025-12] PKP-WAL <= 3.5.0-1 (baseColour) LESS Code\tInjection Vulnerability - https://seclists.org/fulldisclosure/2025/Dec/34","timestamp":"2026-01-01T09:17:53.174Z"}
{"level":"warn","message":"ALERTA [FullDisclosure]: [KIS-2025-11] Open Journal Systems <= 3.5.0-1 (NativeXmlIssueGalleyFilter.php) Path Traversal Vulnerability - https://seclists.org/fulldisclosure/2025/Dec/33","timestamp":"2026-01-01T09:17:53.174Z"}
{"level":"warn","message":"ALERTA [FullDisclosure]: [KIS-2025-10] PKP-WAL <= 3.5.0-1 (Institution Collector) SQL Injection Vulnerability - https://seclists.org/fulldisclosure/2025/Dec/32","timestamp":"2026-01-01T09:17:53.175Z"}
{"level":"warn","message":"ALERTA [FullDisclosure]: Backdoor.Win32.Poison.jh / Insecure Permissions - https://seclists.org/fulldisclosure/2025/Dec/31","timestamp":"2026-01-01T09:17:53.176Z"}
{"level":"warn","message":"ALERTA [FullDisclosure]: Backdoor.Win32.Netbus.170 / Insecure Credential Storage /\tMVID-2025-0703 - https://seclists.org/fulldisclosure/2025/Dec/30","timestamp":"2026-01-01T09:17:53.176Z"}
{"level":"warn","message":"ALERTA [FullDisclosure]: Defense in depth -- the Microsoft way (part 94): SAFER (SRPv1\tand AppLocker alias SRPv2) bypass for dummies - https://seclists.org/fulldisclosure/2025/Dec/29","timestamp":"2026-01-01T09:17:53.177Z"}
{"level":"warn","message":"ALERTA [FullDisclosure]: Backdoor.Win32.ControlTotal.t / Insecure Credential Storage /\tMVID-2025-0702 - https://seclists.org/fulldisclosure/2025/Dec/28","timestamp":"2026-01-01T09:17:53.177Z"}
{"level":"warn","message":"ALERTA [FullDisclosure]: HEUR.Backdoor.Win32.Poison.gen / Arbitrary Code Execution /\tMVID-2025-0701 - https://seclists.org/fulldisclosure/2025/Dec/27","timestamp":"2026-01-01T09:17:53.178Z"}
{"level":"warn","message":"ALERTA [FullDisclosure]: [KIS-2025-09] Control Web Panel <= 0.9.8.1208 (admin/index.php) OS Command Injection Vulnerability - https://seclists.org/fulldisclosure/2025/Dec/25","timestamp":"2026-01-01T09:17:53.178Z"}
{"level":"warn","message":"ALERTA [FullDisclosure]: [KIS-2025-08] 1C-Bitrix <= 25.100.500 (Translate Module) Remote Code Execution Vulnerability - https://seclists.org/fulldisclosure/2025/Dec/22","timestamp":"2026-01-01T09:17:53.179Z"}
